  main.cpp
D:\EX\OOP\MPGT\MPGT\main.cpp(5,18): warning C4101: 'N_MAX1': unreferenced local variable
D:\EX\OOP\MPGT\MPGT\main.cpp(5,26): warning C4101: 'N_MAX2': unreferenced local variable
D:\EX\OOP\MPGT\MPGT\main.cpp(5,34): warning C4101: 'N_MAX3': unreferenced local variable
D:\VS\VC\Tools\MSVC\14.37.32822\include\xmemory(719,103): warning C4244: 'argument': conversion from '_Ty' to 'float', possible loss of data
          with
          [
              _Ty=int
          ]
D:\VS\VC\Tools\MSVC\14.37.32822\include\vector(800,27): message : see reference to function template instantiation 'void std::_Default_allocator_traits<_Alloc>::construct<_Ty,int,int>(_Alloc &,_Objty *const ,int &&,int &&)' being compiled
          with
          [
              _Alloc=std::allocator<vehicle>,
              _Ty=vehicle,
              _Objty=vehicle
          ]
D:\VS\VC\Tools\MSVC\14.37.32822\include\vector(782,20): message : see reference to function template instantiation '_Ty &std::vector<_Ty,std::allocator<_Ty>>::_Emplace_back_with_unused_capacity<int,int>(int &&,int &&)' being compiled
          with
          [
              _Ty=vehicle
          ]
D:\VS\VC\Tools\MSVC\14.37.32822\include\vector(864,24): message : see reference to function template instantiation '_Ty &std::vector<_Ty,std::allocator<_Ty>>::_Emplace_one_at_back<int,int>(int &&,int &&)' being compiled
          with
          [
              _Ty=vehicle
          ]
D:\EX\OOP\MPGT\MPGT\main.cpp(84,21): message : see reference to function template instantiation 'void std::vector<vehicle,std::allocator<vehicle>>::emplace_back<int,int>(int &&,int &&)' being compiled
  MPGT.vcxproj -> D:\EX\OOP\MPGT\x64\Debug\MPGT.exe
